\BOOKMARK [1][-]{section.1}{\376\377\000S\000T\000R\000U\000C\000T\000U\000R\000E\000\040\000\046\000\040\000O\000R\000G\000A\000N\000I\000Z\000A\000T\000I\000O\000N}{}% 1
\BOOKMARK [2][-]{subsection.1.1}{\376\377\000T\000h\000e\000\040\000E\000x\000e\000c\000u\000t\000i\000v\000e}{section.1}% 2
\BOOKMARK [3][-]{subsubsection.1.1.1}{\376\377\000P\000r\000e\000s\000i\000d\000e\000n\000t}{subsection.1.1}% 3
\BOOKMARK [3][-]{subsubsection.1.1.2}{\376\377\000V\000i\000c\000e\000\040\000P\000r\000e\000s\000i\000d\000e\000n\000t\000,\000\040\000S\000t\000u\000d\000e\000n\000t\000\040\000L\000i\000f\000e}{subsection.1.1}% 4
\BOOKMARK [3][-]{subsubsection.1.1.3}{\376\377\000V\000i\000c\000e\000\040\000P\000r\000e\000s\000i\000d\000e\000n\000t\000,\000\040\000E\000x\000t\000e\000r\000n\000a\000l\000\040\000R\000e\000l\000a\000t\000i\000o\000n\000s}{subsection.1.1}% 5
\BOOKMARK [3][-]{subsubsection.1.1.4}{\376\377\000V\000i\000c\000e\000\040\000P\000r\000e\000s\000i\000d\000e\000n\000t\000,\000\040\000A\000c\000a\000d\000e\000m\000i\000c}{subsection.1.1}% 6
\BOOKMARK [3][-]{subsubsection.1.1.5}{\376\377\000V\000i\000c\000e\000\040\000P\000r\000e\000s\000i\000d\000e\000n\000t\000,\000\040\000F\000i\000n\000a\000n\000c\000e}{subsection.1.1}% 7
\BOOKMARK [3][-]{subsubsection.1.1.6}{\376\377\000V\000i\000c\000e\000\040\000P\000r\000e\000s\000i\000d\000e\000n\000t\000,\000\040\000I\000n\000t\000e\000r\000n\000a\000l}{subsection.1.1}% 8
\BOOKMARK [3][-]{subsubsection.1.1.7}{\376\377\000V\000i\000c\000e\000\040\000P\000r\000e\000s\000i\000d\000e\000n\000t\000,\000\040\000C\000o\000m\000m\000u\000n\000i\000c\000a\000t\000i\000o\000n\000s}{subsection.1.1}% 9
\BOOKMARK [2][-]{subsection.1.2}{\376\377\000A\000u\000t\000h\000o\000r\000i\000t\000y\000\040\000a\000n\000d\000\040\000R\000e\000s\000p\000o\000n\000s\000i\000b\000i\000l\000i\000t\000y\000\040\000o\000f\000\040\000t\000h\000e\000\040\000E\000x\000e\000c\000u\000t\000i\000v\000e}{section.1}% 10
\BOOKMARK [3][-]{subsubsection.1.2.1}{\376\377\000E\000x\000e\000c\000u\000t\000i\000v\000e\000\040\000A\000u\000t\000h\000o\000r\000i\000t\000y}{subsection.1.2}% 11
\BOOKMARK [3][-]{subsubsection.1.2.2}{\376\377\000E\000x\000e\000c\000u\000t\000i\000v\000e\000\040\000R\000e\000s\000p\000o\000n\000s\000i\000b\000i\000l\000i\000t\000y}{subsection.1.2}% 12
\BOOKMARK [2][-]{subsection.1.3}{\376\377\000A\000s\000s\000o\000c\000i\000a\000t\000e\000\040\000V\000i\000c\000e\000-\000P\000r\000e\000s\000i\000d\000e\000n\000t\000s}{section.1}% 13
\BOOKMARK [3][-]{subsubsection.1.3.1}{\376\377\000A\000s\000s\000o\000c\000i\000a\000t\000e\000\040\000V\000i\000c\000e\000\040\000P\000r\000e\000s\000i\000d\000e\000n\000t\000,\000\040\000E\000v\000e\000n\000t\000s}{subsection.1.3}% 14
\BOOKMARK [3][-]{subsubsection.1.3.2}{\376\377\000A\000s\000s\000o\000c\000i\000a\000t\000e\000\040\000V\000i\000c\000e\000\040\000P\000r\000e\000s\000i\000d\000e\000n\000t\000,\000\040\000C\000l\000u\000b\000s}{subsection.1.3}% 15
\BOOKMARK [3][-]{subsubsection.1.3.3}{\376\377\000A\000s\000s\000o\000c\000i\000a\000t\000e\000\040\000V\000i\000c\000e\000\040\000P\000r\000e\000s\000i\000d\000e\000n\000t\000,\000\040\000A\000c\000a\000d\000e\000m\000i\000c\000\040\000R\000e\000s\000o\000u\000r\000c\000e\000s}{subsection.1.3}% 16
\BOOKMARK [2][-]{subsection.1.4}{\376\377\000R\000e\000p\000r\000e\000s\000e\000n\000t\000a\000t\000i\000v\000e\000s}{section.1}% 17
\BOOKMARK [3][-]{subsubsection.1.4.1}{\376\377\000P\000r\000o\000g\000r\000a\000m\000\040\000R\000e\000p\000r\000e\000s\000e\000n\000t\000a\000t\000i\000v\000e\000s}{subsection.1.4}% 18
\BOOKMARK [3][-]{subsubsection.1.4.2}{\376\377\000F\000i\000r\000s\000t\000\040\000Y\000e\000a\000r\000\040\000R\000e\000p\000r\000e\000s\000e\000n\000t\000a\000t\000i\000v\000e\000s}{subsection.1.4}% 19
\BOOKMARK [2][-]{subsection.1.5}{\376\377\000E\000x\000e\000c\000u\000t\000i\000v\000e\000\040\000T\000r\000a\000n\000s\000i\000t\000i\000o\000n\000\040\000P\000r\000o\000c\000e\000s\000s}{section.1}% 20
\BOOKMARK [1][-]{section.2}{\376\377\000E\000L\000E\000C\000T\000I\000O\000N\000S\000\040\000\046\000\040\000S\000E\000L\000E\000C\000T\000I\000O\000N\000S}{}% 21
\BOOKMARK [2][-]{subsection.2.1}{\376\377\000G\000e\000n\000e\000r\000a\000l}{section.2}% 22
\BOOKMARK [2][-]{subsection.2.2}{\376\377\000R\000e\000g\000u\000l\000a\000r\000\040\000E\000l\000e\000c\000t\000i\000o\000n\000s}{section.2}% 23
\BOOKMARK [3][-]{subsubsection.2.2.1}{\376\377\000P\000r\000e\000s\000i\000d\000e\000n\000t\000i\000a\000l\000\040\000E\000l\000e\000c\000t\000i\000o\000n\000s}{subsection.2.2}% 24
\BOOKMARK [3][-]{subsubsection.2.2.2}{\376\377\000B\000a\000c\000h\000e\000l\000o\000r\000\040\000o\000f\000\040\000T\000e\000c\000h\000n\000o\000l\000o\000g\000y\000\040\000E\000l\000e\000c\000t\000i\000o\000n}{subsection.2.2}% 25
\BOOKMARK [3][-]{subsubsection.2.2.3}{\376\377\000G\000e\000n\000e\000r\000a\000l\000\040\000E\000l\000e\000c\000t\000i\000o\000n\000s}{subsection.2.2}% 26
\BOOKMARK [3][-]{subsubsection.2.2.4}{\376\377\000F\000i\000r\000s\000t\000\040\000Y\000e\000a\000r\000\040\000R\000e\000p\000r\000e\000s\000e\000n\000t\000a\000t\000i\000v\000e\000\040\000E\000l\000e\000c\000t\000i\000o\000n\000s}{subsection.2.2}% 27
\BOOKMARK [2][-]{subsection.2.3}{\376\377\000B\000y\000-\000E\000l\000e\000c\000t\000i\000o\000n\000s}{section.2}% 28
\BOOKMARK [2][-]{subsection.2.4}{\376\377\000E\000l\000i\000g\000i\000b\000i\000l\000i\000t\000y\000\040\000f\000o\000r\000\040\000E\000l\000e\000c\000t\000e\000d\000\040\000P\000o\000s\000i\000t\000i\000o\000n\000s}{section.2}% 29
\BOOKMARK [2][-]{subsection.2.5}{\376\377\000E\000l\000i\000g\000i\000b\000i\000l\000i\000t\000y\000\040\000f\000o\000r\000\040\000A\000p\000p\000o\000i\000n\000t\000e\000d\000\040\000P\000o\000s\000i\000t\000i\000o\000n\000s}{section.2}% 30
\BOOKMARK [2][-]{subsection.2.6}{\376\377\000E\000l\000e\000c\000t\000i\000o\000n\000\040\000D\000a\000t\000e\000s}{section.2}% 31
\BOOKMARK [3][-]{subsubsection.2.6.1}{\376\377\000E\000l\000e\000c\000t\000i\000o\000n\000\040\000D\000a\000t\000e\000s}{subsection.2.6}% 32
\BOOKMARK [2][-]{subsection.2.7}{\376\377\000T\000e\000r\000m\000\040\000o\000f\000\040\000O\000f\000f\000i\000c\000e}{section.2}% 33
\BOOKMARK [2][-]{subsection.2.8}{\376\377\000N\000o\000m\000i\000n\000a\000t\000i\000o\000n\000s}{section.2}% 34
\BOOKMARK [2][-]{subsection.2.9}{\376\377\000C\000a\000m\000p\000a\000i\000g\000n}{section.2}% 35
\BOOKMARK [3][-]{subsubsection.2.9.1}{\376\377\000C\000a\000m\000p\000a\000i\000g\000n\000\040\000C\000o\000n\000d\000u\000c\000t}{subsection.2.9}% 36
\BOOKMARK [3][-]{subsubsection.2.9.2}{\376\377\000C\000l\000o\000s\000u\000r\000e\000\040\000o\000f\000\040\000C\000a\000m\000p\000a\000i\000g\000n\000\040\000P\000e\000r\000i\000o\000d}{subsection.2.9}% 37
\BOOKMARK [3][-]{subsubsection.2.9.3}{\376\377\000C\000a\000m\000p\000a\000i\000g\000n\000\040\000T\000e\000a\000m}{subsection.2.9}% 38
\BOOKMARK [3][-]{subsubsection.2.9.4}{\376\377\000C\000a\000m\000p\000a\000i\000g\000n\000\040\000P\000o\000s\000t\000e\000r\000s}{subsection.2.9}% 39
\BOOKMARK [3][-]{subsubsection.2.9.5}{\376\377\000O\000n\000l\000i\000n\000e\000\040\000a\000n\000d\000\040\000S\000o\000c\000i\000a\000l\000\040\000M\000e\000d\000i\000a\000\040\000C\000a\000m\000p\000a\000i\000g\000n\000i\000n\000g}{subsection.2.9}% 40
\BOOKMARK [3][-]{subsubsection.2.9.6}{\376\377\000O\000t\000h\000e\000r\000\040\000C\000a\000m\000p\000a\000i\000g\000n\000\040\000P\000r\000o\000c\000e\000d\000u\000r\000e\000s}{subsection.2.9}% 41
\BOOKMARK [2][-]{subsection.2.10}{\376\377\000E\000l\000e\000c\000t\000i\000o\000n\000s\000\040\000C\000o\000m\000m\000i\000t\000t\000e\000e}{section.2}% 42
\BOOKMARK [2][-]{subsection.2.11}{\376\377\000E\000l\000e\000c\000t\000i\000o\000n\000\040\000P\000r\000o\000c\000e\000d\000u\000r\000e\000s}{section.2}% 43
\BOOKMARK [1][-]{section.3}{\376\377\000A\000p\000p\000o\000i\000n\000t\000e\000d\000\040\000P\000o\000s\000i\000t\000i\000o\000n\000s}{}% 44
\BOOKMARK [2][-]{subsection.3.1}{\376\377\000A\000p\000p\000o\000i\000n\000t\000e\000d\000\040\000P\000o\000s\000i\000t\000i\000o\000n\000s}{section.3}% 45
\BOOKMARK [3][-]{subsubsection.3.1.1}{\376\377\000D\000W\000\040\000L\000o\000u\000n\000g\000e\000\040\000C\000o\000o\000r\000d\000i\000n\000a\000t\000o\000r\000\050\000s\000\051}{subsection.3.1}% 46
\BOOKMARK [3][-]{subsubsection.3.1.2}{\376\377\000C\000h\000i\000e\000f\000\040\000R\000e\000t\000u\000r\000n\000i\000n\000g\000\040\000O\000f\000f\000i\000c\000e\000r}{subsection.3.1}% 47
\BOOKMARK [3][-]{subsubsection.3.1.3}{\376\377\000C\000o\000-\000O\000r\000i\000e\000n\000t\000a\000t\000i\000o\000n\000\040\000C\000o\000o\000r\000d\000i\000n\000a\000t\000o\000r\000s}{subsection.3.1}% 48
\BOOKMARK [3][-]{subsubsection.3.1.4}{\376\377\000C\000u\000l\000t\000u\000r\000e\000\040\000C\000o\000o\000r\000d\000i\000n\000a\000t\000o\000r\000\050\000s\000\051}{subsection.3.1}% 49
\BOOKMARK [3][-]{subsubsection.3.1.5}{\376\377\000D\000r\000a\000i\000n\000\040\000C\000o\000o\000r\000d\000i\000n\000a\000t\000o\000r\000\050\000s\000\051}{subsection.3.1}% 50
\BOOKMARK [3][-]{subsubsection.3.1.6}{\376\377\000E\000q\000u\000i\000t\000y\000,\000\040\000D\000i\000v\000e\000r\000s\000i\000t\000y\000\040\000a\000n\000d\000\040\000I\000n\000c\000l\000u\000s\000i\000o\000n\000\040\000O\000f\000f\000i\000c\000e\000r\000\050\000s\000\051}{subsection.3.1}% 51
\BOOKMARK [3][-]{subsubsection.3.1.7}{\376\377\000F\000i\000r\000e\000b\000a\000l\000l\000\040\000C\000o\000o\000r\000d\000i\000n\000a\000t\000o\000r\000\050\000s\000\051}{subsection.3.1}% 52
\BOOKMARK [3][-]{subsubsection.3.1.8}{\376\377\000I\000n\000f\000o\000r\000m\000a\000t\000i\000o\000n\000\040\000T\000e\000c\000h\000n\000o\000l\000o\000g\000y\000\040\000C\000o\000o\000r\000d\000i\000n\000a\000t\000o\000r\000\050\000s\000\051}{subsection.3.1}% 53
\BOOKMARK [3][-]{subsubsection.3.1.9}{\376\377\000W\000e\000l\000l\000n\000e\000s\000s\000\040\000C\000o\000o\000r\000d\000i\000n\000a\000t\000o\000r\000\050\000s\000\051\000\040}{subsection.3.1}% 54
\BOOKMARK [3][-]{subsubsection.3.1.10}{\376\377\000K\000i\000p\000l\000i\000n\000g\000\040\000C\000o\000o\000r\000d\000i\000n\000a\000t\000o\000r\000\050\000s\000\051}{subsection.3.1}% 55
\BOOKMARK [3][-]{subsubsection.3.1.11}{\376\377\000m\000a\000c\000L\000A\000B\000\040\000C\000h\000a\000i\000r}{subsection.3.1}% 56
\BOOKMARK [3][-]{subsubsection.3.1.12}{\376\377\000M\000c\000M\000a\000s\000t\000e\000r\000\040\000E\000n\000g\000i\000n\000e\000e\000r\000i\000n\000g\000\040\000C\000o\000m\000p\000e\000t\000i\000t\000i\000o\000n\000\040\000C\000h\000a\000i\000r\000\050\000s\000\051}{subsection.3.1}% 57
\BOOKMARK [3][-]{subsubsection.3.1.13}{\376\377\000T\000r\000a\000i\000l\000e\000r\000\040\000C\000o\000o\000r\000d\000i\000n\000a\000t\000o\000r\000\050\000s\000\051}{subsection.3.1}% 58
\BOOKMARK [3][-]{subsubsection.3.1.14}{\376\377\000P\000l\000u\000m\000b\000l\000i\000n\000e\000\040\000E\000d\000i\000t\000o\000r\000\050\000s\000\051}{subsection.3.1}% 59
\BOOKMARK [3][-]{subsubsection.3.1.15}{\376\377\000F\000r\000e\000q\000u\000e\000n\000c\000y\000\040\000E\000d\000i\000t\000o\000r\000\050\000s\000\051}{subsection.3.1}% 60
\BOOKMARK [3][-]{subsubsection.3.1.16}{\376\377\000H\000a\000n\000d\000b\000o\000o\000k\000\040\000E\000d\000i\000t\000o\000r\000\050\000s\000\051}{subsection.3.1}% 61
\BOOKMARK [3][-]{subsubsection.3.1.17}{\376\377\000P\000u\000b\000l\000i\000c\000a\000t\000i\000o\000n\000s\000\040\000E\000d\000i\000t\000o\000r}{subsection.3.1}% 62
\BOOKMARK [3][-]{subsubsection.3.1.18}{\376\377\000P\000r\000o\000f\000e\000s\000s\000i\000o\000n\000a\000l\000\040\000D\000e\000v\000e\000l\000o\000p\000m\000e\000n\000t\000\040\000C\000o\000o\000r\000d\000i\000n\000a\000t\000o\000r\000\050\000s\000\051}{subsection.3.1}% 63
\BOOKMARK [3][-]{subsubsection.3.1.19}{\376\377\000L\000e\000a\000d\000e\000r\000s\000h\000i\000p\000\040\000D\000e\000v\000e\000l\000o\000p\000m\000e\000n\000t\000\040\000C\000o\000n\000f\000e\000r\000e\000n\000c\000e\000\040\000C\000o\000o\000r\000d\000i\000n\000a\000t\000o\000r\000\050\000s\000\051}{subsection.3.1}% 64
\BOOKMARK [3][-]{subsubsection.3.1.20}{\376\377\000A\000d\000m\000i\000n\000i\000s\000t\000r\000a\000t\000o\000r}{subsection.3.1}% 65
\BOOKMARK [3][-]{subsubsection.3.1.21}{\376\377\000G\000r\000a\000p\000h\000i\000c\000\040\000D\000e\000s\000i\000g\000n\000e\000r\000\050\000s\000\051}{subsection.3.1}% 66
\BOOKMARK [3][-]{subsubsection.3.1.22}{\376\377\000E\000x\000t\000e\000r\000n\000a\000l\000\040\000C\000o\000n\000f\000e\000r\000e\000n\000c\000e\000\040\000o\000r\000\040\000C\000o\000m\000p\000e\000t\000i\000t\000i\000o\000n\000\040\000C\000h\000a\000i\000r\000\050\000s\000\051\000\040}{subsection.3.1}% 67
\BOOKMARK [3][-]{subsubsection.3.1.23}{\376\377\000S\000p\000o\000r\000t\000s\000\040\000C\000o\000o\000r\000d\000i\000n\000a\000t\000o\000r\000\050\000s\000\051\000\040}{subsection.3.1}% 68
\BOOKMARK [3][-]{subsubsection.3.1.24}{\376\377\000G\000e\000r\000a\000l\000d\000\040\000H\000a\000t\000c\000h\000\040\000C\000e\000n\000t\000r\000e\000\040\000S\000t\000u\000d\000e\000n\000t\000\040\000C\000o\000o\000r\000d\000i\000n\000a\000t\000o\000r\000\050\000s\000\051}{subsection.3.1}% 69
\BOOKMARK [3][-]{subsubsection.3.1.25}{\376\377\000D\000a\000t\000a\000\040\000C\000o\000o\000r\000d\000i\000n\000a\000t\000o\000r\000\050\000s\000\051}{subsection.3.1}% 70
\BOOKMARK [3][-]{subsubsection.3.1.26}{\376\377\000M\000e\000n\000t\000o\000r\000s\000h\000i\000p\000\040\000C\000o\000o\000r\000d\000i\000n\000a\000t\000o\000r\000\050\000s\000\051}{subsection.3.1}% 71
\BOOKMARK [3][-]{subsubsection.3.1.27}{\376\377\000S\000u\000s\000t\000a\000i\000n\000a\000b\000i\000l\000i\000t\000y\000\040\000C\000o\000o\000r\000d\000i\000n\000a\000t\000o\000r\000\050\000s\000\051}{subsection.3.1}% 72
\BOOKMARK [3][-]{subsubsection.3.1.28}{\376\377\000F\000i\000r\000s\000t\000\040\000Y\000e\000a\000r\000\040\000E\000x\000p\000e\000r\000i\000e\000n\000t\000i\000a\000l\000\040\000C\000o\000n\000f\000e\000r\000e\000n\000c\000e\000\040\000C\000h\000a\000i\000r\000\050\000s\000\051}{subsection.3.1}% 73
\BOOKMARK [3][-]{subsubsection.3.1.29}{\376\377\000S\000o\000c\000i\000a\000l\000\040\000M\000e\000d\000i\000a\000\040\000C\000o\000o\000r\000d\000i\000n\000a\000t\000o\000r\000\050\000s\000\051}{subsection.3.1}% 74
\BOOKMARK [3][-]{subsubsection.3.1.30}{\376\377\000S\000p\000e\000c\000i\000a\000l\000\040\000P\000r\000o\000j\000e\000c\000t\000s\000\040\000C\000o\000o\000r\000d\000i\000n\000a\000t\000o\000r\000\050\000s\000\051}{subsection.3.1}% 75
\BOOKMARK [3][-]{subsubsection.3.1.31}{\376\377\000S\000p\000o\000n\000s\000o\000r\000s\000h\000i\000p\000\040\000C\000o\000o\000r\000d\000i\000n\000a\000t\000o\000r\000\050\000s\000\051}{subsection.3.1}% 76
\BOOKMARK [2][-]{subsection.3.2}{\376\377\000T\000r\000a\000n\000s\000i\000t\000i\000o\000n}{section.3}% 77
\BOOKMARK [3][-]{subsubsection.3.2.1}{\376\377\000O\000b\000j\000e\000c\000t\000i\000v\000e\000s}{subsection.3.2}% 78
\BOOKMARK [3][-]{subsubsection.3.2.2}{\376\377\000T\000r\000a\000n\000s\000i\000t\000i\000o\000n\000\040\000R\000e\000p\000o\000r\000t\000s}{subsection.3.2}% 79
\BOOKMARK [3][-]{subsubsection.3.2.3}{\376\377\000C\000o\000u\000n\000c\000i\000l\000\040\000T\000r\000a\000n\000s\000i\000t\000i\000o\000n\000\040\000P\000r\000o\000c\000e\000s\000s}{subsection.3.2}% 80
\BOOKMARK [2][-]{subsection.3.3}{\376\377\000A\000p\000p\000o\000i\000n\000t\000e\000d\000\040\000P\000o\000s\000i\000t\000i\000o\000n\000s}{section.3}% 81
\BOOKMARK [3][-]{subsubsection.3.3.1}{\376\377\000A\000p\000p\000o\000i\000n\000t\000m\000e\000n\000t\000\040\000P\000r\000o\000c\000e\000d\000u\000r\000e}{subsection.3.3}% 82
\BOOKMARK [3][-]{subsubsection.3.3.2}{\376\377\000R\000e\000g\000u\000l\000a\000r\000\040\000A\000p\000p\000o\000i\000n\000t\000e\000d\000\040\000P\000o\000s\000i\000t\000i\000o\000n\000s}{subsection.3.3}% 83
\BOOKMARK [3][-]{subsubsection.3.3.3}{\376\377\000C\000o\000-\000O\000r\000i\000e\000n\000t\000a\000t\000i\000o\000n\000\040\000C\000o\000o\000r\000d\000i\000n\000a\000t\000o\000r\000s}{subsection.3.3}% 84
\BOOKMARK [3][-]{subsubsection.3.3.4}{\376\377\000C\000h\000i\000e\000f\000\040\000R\000e\000t\000u\000r\000n\000i\000n\000g\000\040\000O\000f\000f\000i\000c\000e\000r}{subsection.3.3}% 85
\BOOKMARK [3][-]{subsubsection.3.3.5}{\376\377\000O\000t\000h\000e\000r\000\040\000A\000p\000p\000o\000i\000n\000t\000e\000d\000\040\000P\000o\000s\000i\000t\000i\000o\000n\000s}{subsection.3.3}% 86
\BOOKMARK [1][-]{section.4}{\376\377\000C\000O\000M\000M\000I\000T\000T\000E\000E\000S}{}% 87
\BOOKMARK [2][-]{subsection.4.1}{\376\377\000G\000e\000n\000e\000r\000a\000l}{section.4}% 88
\BOOKMARK [3][-]{subsubsection.4.1.1}{\376\377\000R\000e\000s\000p\000o\000n\000s\000i\000b\000i\000l\000i\000t\000i\000e\000s\000\040\000o\000f\000\040\000t\000h\000e\000\040\000C\000h\000a\000i\000r}{subsection.4.1}% 89
\BOOKMARK [3][-]{subsubsection.4.1.2}{\376\377\000M\000e\000m\000b\000e\000r\000s\000h\000i\000p}{subsection.4.1}% 90
\BOOKMARK [2][-]{subsection.4.2}{\376\377\000W\000e\000l\000c\000o\000m\000e\000\040\000W\000e\000e\000k\000\040\000O\000r\000i\000e\000n\000t\000a\000t\000i\000o\000n\000\040\000P\000l\000a\000n\000n\000i\000n\000g\000\040\000C\000o\000m\000m\000i\000t\000t\000e\000e\000\040}{section.4}% 91
\BOOKMARK [2][-]{subsection.4.3}{\376\377\000A\000d\000\040\000H\000o\000c\000\040\000C\000o\000m\000m\000i\000t\000t\000e\000e\000s\000\040}{section.4}% 92
\BOOKMARK [2][-]{subsection.4.4}{\376\377\000S\000t\000a\000n\000d\000i\000n\000g\000\040\000C\000o\000m\000m\000i\000t\000t\000e\000e\000s}{section.4}% 93
\BOOKMARK [3][-]{subsubsection.4.4.1}{\376\377\000A\000d\000v\000e\000r\000t\000i\000s\000i\000n\000g\000\040\000C\000o\000m\000m\000i\000t\000t\000e\000e}{subsection.4.4}% 94
\BOOKMARK [3][-]{subsubsection.4.4.2}{\376\377\000A\000w\000a\000r\000d\000s\000\040\000S\000e\000l\000e\000c\000t\000i\000o\000n\000\040\000C\000o\000m\000m\000i\000t\000t\000e\000e}{subsection.4.4}% 95
\BOOKMARK [3][-]{subsubsection.4.4.3}{\376\377\000C\000l\000u\000b\000\040\000L\000e\000a\000d\000e\000r\000s\000\040\000C\000o\000m\000m\000i\000t\000t\000e\000e}{subsection.4.4}% 96
\BOOKMARK [3][-]{subsubsection.4.4.4}{\376\377\000D\000e\000l\000e\000g\000a\000t\000e\000\040\000S\000e\000l\000e\000c\000t\000i\000o\000n\000\040\000C\000o\000m\000m\000i\000t\000t\000e\000e}{subsection.4.4}% 97
\BOOKMARK [3][-]{subsubsection.4.4.5}{\376\377\000E\000d\000i\000t\000o\000r\000i\000a\000l\000\040\000R\000e\000v\000i\000e\000w\000\040\000C\000o\000m\000m\000i\000t\000t\000e\000e}{subsection.4.4}% 98
\BOOKMARK [3][-]{subsubsection.4.4.6}{\376\377\000E\000l\000e\000c\000t\000i\000o\000n\000s\000\040\000C\000o\000m\000m\000i\000t\000t\000e\000e}{subsection.4.4}% 99
\BOOKMARK [3][-]{subsubsection.4.4.7}{\376\377\000m\000a\000c\000L\000A\000B\000\040\000B\000o\000a\000r\000d\000\040\000o\000f\000\040\000D\000i\000r\000e\000c\000t\000o\000r\000s}{subsection.4.4}% 100
\BOOKMARK [3][-]{subsubsection.4.4.8}{\376\377\000F\000i\000r\000s\000t\000\040\000Y\000e\000a\000r\000\040\000C\000o\000m\000m\000i\000t\000t\000e\000e}{subsection.4.4}% 101
\BOOKMARK [3][-]{subsubsection.4.4.9}{\376\377\000K\000i\000p\000l\000i\000n\000g\000\040\000C\000o\000m\000m\000i\000t\000t\000e\000e}{subsection.4.4}% 102
\BOOKMARK [3][-]{subsubsection.4.4.10}{\376\377\000N\000e\000w\000s\000l\000e\000t\000t\000e\000r\000\040\000C\000o\000m\000m\000i\000t\000t\000e\000e}{subsection.4.4}% 103
\BOOKMARK [3][-]{subsubsection.4.4.11}{\376\377\000S\000o\000c\000i\000a\000l\000\040\000C\000o\000m\000m\000i\000t\000t\000e\000e}{subsection.4.4}% 104
\BOOKMARK [3][-]{subsubsection.4.4.12}{\376\377\000S\000p\000o\000r\000t\000s\000\040\000C\000o\000m\000m\000i\000t\000t\000e\000e}{subsection.4.4}% 105
\BOOKMARK [3][-]{subsubsection.4.4.13}{\376\377\000M\000c\000M\000a\000s\000t\000e\000r\000\040\000E\000n\000g\000i\000n\000e\000e\000r\000i\000n\000g\000\040\000C\000o\000m\000p\000e\000t\000i\000t\000i\000o\000n\000\040\000C\000o\000m\000m\000i\000t\000t\000e\000e}{subsection.4.4}% 106
\BOOKMARK [3][-]{subsubsection.4.4.14}{\376\377\000C\000u\000l\000t\000u\000r\000e\000\040\000C\000o\000m\000m\000i\000t\000t\000e\000e}{subsection.4.4}% 107
\BOOKMARK [3][-]{subsubsection.4.4.15}{\376\377\000P\000r\000o\000f\000e\000s\000s\000i\000o\000n\000a\000l\000\040\000D\000e\000v\000e\000l\000o\000p\000m\000e\000n\000t\000\040\000C\000o\000m\000m\000i\000t\000t\000e\000e}{subsection.4.4}% 108
\BOOKMARK [3][-]{subsubsection.4.4.16}{\376\377\000L\000e\000a\000d\000e\000r\000s\000h\000i\000p\000\040\000D\000e\000v\000e\000l\000o\000p\000m\000e\000n\000t\000\040\000C\000o\000n\000f\000e\000r\000e\000n\000c\000e\000\040\000C\000o\000m\000m\000i\000t\000t\000e\000e}{subsection.4.4}% 109
\BOOKMARK [3][-]{subsubsection.4.4.17}{\376\377\000W\000e\000l\000l\000n\000e\000s\000s\000\040\000C\000o\000m\000m\000i\000t\000t\000e\000e}{subsection.4.4}% 110
\BOOKMARK [3][-]{subsubsection.4.4.18}{\376\377\000S\000u\000s\000t\000a\000i\000n\000a\000b\000i\000l\000i\000t\000y\000\040\000C\000o\000m\000m\000i\000t\000t\000e\000e}{subsection.4.4}% 111
\BOOKMARK [3][-]{subsubsection.4.4.19}{\376\377\000A\000c\000a\000d\000e\000m\000i\000c\000\040\000S\000e\000r\000v\000i\000c\000e\000s\000\040\000C\000o\000m\000m\000i\000t\000t\000e\000e}{subsection.4.4}% 112
\BOOKMARK [3][-]{subsubsection.4.4.20}{\376\377\000E\000q\000u\000i\000t\000y\000\040\000C\000o\000m\000m\000i\000t\000t\000e\000e}{subsection.4.4}% 113
\BOOKMARK [3][-]{subsubsection.4.4.21}{\376\377\000F\000i\000r\000s\000t\000\040\000Y\000e\000a\000r\000\040\000E\000x\000p\000e\000r\000i\000e\000n\000t\000i\000a\000l\000\040\000C\000o\000n\000f\000e\000r\000e\000n\000c\000e\000\040\000\050\000F\000Y\000E\000C\000\051\000\040\000C\000o\000m\000m\000i\000t\000t\000e\000e}{subsection.4.4}% 114
\BOOKMARK [3][-]{subsubsection.4.4.22}{\376\377\000B\000u\000s\000\040\000M\000o\000n\000i\000t\000o\000r\000\040\000C\000o\000m\000m\000i\000t\000t\000e\000e}{subsection.4.4}% 115
\BOOKMARK [3][-]{subsubsection.4.4.23}{\376\377\000I\000.\000D\000.\000E\000.\000A\000.\000\040\000C\000o\000m\000m\000i\000t\000t\000e\000e\000\040\000\050\000I\000n\000c\000l\000u\000s\000i\000v\000i\000t\000y\000\040\000a\000n\000d\000\040\000D\000i\000v\000e\000r\000s\000i\000t\000y\000\040\000i\000n\000\040\000E\000n\000g\000i\000n\000e\000e\000r\000i\000n\000g\000\040\000A\000l\000l\000i\000a\000n\000c\000e\000\051}{subsection.4.4}% 116
\BOOKMARK [1][-]{section.5}{\376\377\000M\000E\000E\000T\000I\000N\000G\000S}{}% 117
\BOOKMARK [2][-]{subsection.5.1}{\376\377\000G\000e\000n\000e\000r\000a\000l\000\040\000M\000e\000e\000t\000i\000n\000g\000s\000\040\000\050\000S\000A\000G\000M\000\051}{section.5}% 118
\BOOKMARK [2][-]{subsection.5.2}{\376\377\000M\000E\000S\000\040\000C\000o\000u\000n\000c\000i\000l\000\040\000M\000e\000e\000t\000i\000n\000g\000s}{section.5}% 119
\BOOKMARK [3][-]{subsubsection.5.2.1}{\376\377\000G\000e\000n\000e\000r\000a\000l}{subsection.5.2}% 120
\BOOKMARK [3][-]{subsubsection.5.2.2}{\376\377\000A\000t\000t\000e\000n\000d\000a\000n\000c\000e}{subsection.5.2}% 121
\BOOKMARK [3][-]{subsubsection.5.2.3}{\376\377\000P\000r\000o\000x\000y\000\040\000V\000o\000t\000i\000n\000g}{subsection.5.2}% 122
\BOOKMARK [3][-]{subsubsection.5.2.4}{\376\377\000Q\000u\000o\000r\000u\000m}{subsection.5.2}% 123
\BOOKMARK [2][-]{subsection.5.3}{\376\377\000C\000o\000m\000m\000i\000t\000t\000e\000e\000\040\000M\000e\000e\000t\000i\000n\000g\000s}{section.5}% 124
\BOOKMARK [2][-]{subsection.5.4}{\376\377\000S\000u\000p\000e\000r\000v\000i\000s\000o\000r\000y\000\040\000M\000e\000e\000t\000i\000n\000g\000s}{section.5}% 125
\BOOKMARK [1][-]{section.6}{\376\377\000M\000E\000S\000\040\000R\000O\000B\000E\000R\000T\000'\000S\000\040\000R\000U\000L\000E\000S\000\040\000O\000F\000\040\000O\000R\000D\000E\000R}{}% 126
\BOOKMARK [2][-]{subsection.6.1}{\376\377\000E\000L\000E\000V\000E\000N\000\040\000F\000U\000N\000D\000A\000M\000E\000N\000T\000A\000L\000\040\000R\000U\000L\000E\000S\000\040\000O\000F\000\040\000P\000R\000O\000C\000E\000D\000U\000R\000E}{section.6}% 127
\BOOKMARK [2][-]{subsection.6.2}{\376\377\000M\000O\000T\000I\000O\000N\000S}{section.6}% 128
\BOOKMARK [3][-]{subsubsection.6.2.1}{\376\377\000M\000a\000i\000n\000\040\000M\000o\000t\000i\000o\000n\000s}{subsection.6.2}% 129
\BOOKMARK [3][-]{subsubsection.6.2.2}{\376\377\000S\000e\000c\000o\000n\000d\000a\000r\000y\000\040\000M\000o\000t\000i\000o\000n\000s}{subsection.6.2}% 130
\BOOKMARK [3][-]{subsubsection.6.2.3}{\376\377\000T\000H\000E\000\040\000R\000A\000N\000K\000S\000\040\000O\000F\000\040\000S\000E\000C\000O\000N\000D\000A\000R\000Y\000\040\000M\000O\000T\000I\000O\000N\000S}{subsection.6.2}% 131
\BOOKMARK [3][-]{subsubsection.6.2.4}{\376\377\000W\000H\000A\000T\000\040\000D\000O\000\040\000I\000\040\000S\000A\000Y\000?}{subsection.6.2}% 132
\BOOKMARK [2][-]{subsection.6.3}{\376\377\000T\000A\000L\000K\000I\000N\000G\000\040\000S\000Y\000S\000T\000E\000M}{section.6}% 133
\BOOKMARK [1][-]{section.7}{\376\377\000B\000O\000A\000R\000D\000\040\000O\000F\000\040\000A\000D\000V\000I\000S\000O\000R\000S\000\040\000T\000E\000R\000M\000S\000\040\000O\000F\000\040\000R\000E\000F\000E\000R\000E\000N\000C\000E}{}% 134
\BOOKMARK [1][-]{section.8}{\376\377\000C\000L\000U\000B\000S\000:\000\040\000G\000R\000O\000U\000P\000S\000,\000\040\000T\000E\000A\000M\000S\000,\000\040\000A\000N\000D\000\040\000A\000F\000F\000I\000L\000I\000A\000T\000E\000S}{}% 135
\BOOKMARK [2][-]{subsection.8.1}{\376\377\000P\000r\000o\000g\000r\000a\000m\000\040\000S\000o\000c\000i\000e\000t\000i\000e\000s}{section.8}% 136
\BOOKMARK [2][-]{subsection.8.2}{\376\377\000G\000r\000o\000u\000p\000s}{section.8}% 137
\BOOKMARK [2][-]{subsection.8.3}{\376\377\000T\000e\000a\000m\000s}{section.8}% 138
\BOOKMARK [2][-]{subsection.8.4}{\376\377\000A\000f\000f\000i\000l\000i\000a\000t\000e\000s}{section.8}% 139
\BOOKMARK [2][-]{subsection.8.5}{\376\377\000R\000e\000c\000o\000g\000n\000i\000z\000e\000d\000\040\000C\000l\000u\000b\000s}{section.8}% 140
\BOOKMARK [2][-]{subsection.8.6}{\376\377\000R\000a\000t\000i\000f\000i\000c\000a\000t\000i\000o\000n\000\040\000P\000r\000o\000c\000e\000s\000s}{section.8}% 141
\BOOKMARK [2][-]{subsection.8.7}{\376\377\000D\000e\000-\000R\000a\000t\000i\000f\000i\000c\000a\000t\000i\000o\000n\000\040\000P\000r\000o\000c\000e\000s\000s}{section.8}% 142
\BOOKMARK [1][-]{section.9}{\376\377\000F\000I\000N\000A\000N\000C\000I\000A\000L\000\040\000P\000O\000L\000I\000C\000I\000E\000S}{}% 143
\BOOKMARK [2][-]{subsection.9.1}{\376\377\000B\000u\000d\000g\000e\000t}{section.9}% 144
\BOOKMARK [2][-]{subsection.9.2}{\376\377\000P\000a\000y\000m\000e\000n\000t\000\040\000P\000o\000l\000i\000c\000i\000e\000s}{section.9}% 145
\BOOKMARK [2][-]{subsection.9.3}{\376\377\000F\000u\000n\000d\000i\000n\000g\000\040\000P\000o\000l\000i\000c\000i\000e\000s}{section.9}% 146
\BOOKMARK [3][-]{subsubsection.9.3.1}{\376\377\000O\000t\000h\000e\000r\000\040\000F\000u\000n\000d\000i\000n\000g\000\040\000R\000e\000q\000u\000e\000s\000t\000s}{subsection.9.3}% 147
\BOOKMARK [3][-]{subsubsection.9.3.2}{\376\377\000S\000o\000c\000i\000e\000t\000i\000e\000s\000\040\000F\000u\000n\000d\000i\000n\000g\000\040\000P\000o\000l\000i\000c\000y}{subsection.9.3}% 148
\BOOKMARK [3][-]{subsubsection.9.3.3}{\376\377\000C\000l\000u\000b\000s\000\040\000a\000n\000d\000\040\000T\000e\000a\000m\000s\000\040\000F\000u\000n\000d\000i\000n\000g\000\040\000P\000o\000l\000i\000c\000y}{subsection.9.3}% 149
\BOOKMARK [3][-]{subsubsection.9.3.4}{\376\377\000C\000o\000n\000f\000e\000r\000e\000n\000c\000e\000\040\000/\000\040\000C\000o\000m\000p\000e\000t\000i\000t\000i\000o\000n\000\040\000F\000u\000n\000d\000i\000n\000g\000\040\000P\000o\000l\000i\000c\000y}{subsection.9.3}% 150
\BOOKMARK [3][-]{subsubsection.9.3.5}{\376\377\000I\000n\000t\000r\000a\000m\000u\000r\000a\000l\000\040\000F\000u\000n\000d\000i\000n\000g\000\040\000P\000o\000l\000i\000c\000y}{subsection.9.3}% 151
\BOOKMARK [3][-]{subsubsection.9.3.6}{\376\377\000S\000p\000e\000c\000i\000a\000l\000\040\000P\000r\000o\000j\000e\000c\000t\000s\000\040\000F\000u\000n\000d\000i\000n\000g\000\040\000P\000o\000l\000i\000c\000y}{subsection.9.3}% 152
\BOOKMARK [2][-]{subsection.9.4}{\376\377\000A\000c\000c\000o\000u\000n\000t\000s\000\040\000a\000n\000d\000\040\000C\000a\000s\000h}{section.9}% 153
\BOOKMARK [3][-]{subsubsection.9.4.1}{\376\377\000A\000c\000c\000o\000u\000n\000t\000s}{subsection.9.4}% 154
\BOOKMARK [3][-]{subsubsection.9.4.2}{\376\377\000I\000n\000v\000e\000s\000t\000m\000e\000n\000t\000s}{subsection.9.4}% 155
\BOOKMARK [3][-]{subsubsection.9.4.3}{\376\377\000R\000e\000s\000e\000r\000v\000e\000\040\000F\000u\000n\000d\000s}{subsection.9.4}% 156
\BOOKMARK [3][-]{subsubsection.9.4.4}{\376\377\000C\000o\000n\000t\000i\000n\000g\000e\000n\000c\000y}{subsection.9.4}% 157
\BOOKMARK [3][-]{subsubsection.9.4.5}{\376\377\000P\000e\000t\000t\000y\000\040\000C\000a\000s\000h}{subsection.9.4}% 158
\BOOKMARK [2][-]{subsection.9.5}{\376\377\000S\000t\000u\000d\000e\000n\000t\000\040\000F\000e\000e\000s}{section.9}% 159
\BOOKMARK [2][-]{subsection.9.6}{\376\377\000A\000c\000c\000o\000u\000n\000t\000i\000n\000g}{section.9}% 160
\BOOKMARK [2][-]{subsection.9.7}{\376\377\000E\000n\000d\000o\000w\000m\000e\000n\000t\000\040\000F\000u\000n\000d\000s}{section.9}% 161
\BOOKMARK [3][-]{subsubsection.9.7.1}{\376\377\000T\000h\000e\000\040\000M\000c\000M\000a\000s\000t\000e\000r\000\040\000L\000a\000b\000o\000r\000a\000t\000o\000r\000y\000\040\000A\000d\000v\000a\000n\000c\000e\000m\000e\000n\000t\000\040\000B\000e\000n\000e\000f\000a\000c\000t\000i\000o\000n\000\040\000E\000n\000d\000o\000w\000m\000e\000n\000t\000\040\000F\000u\000n\000d\000\040\000\050\000i\000.\000e\000.\000\040\000m\000a\000c\000L\000A\000B\000\051}{subsection.9.7}% 162
\BOOKMARK [2][-]{subsection.9.8}{\376\377\000H\000o\000n\000o\000r\000a\000r\000i\000a\000\040\000\046\000\040\000A\000w\000a\000r\000d\000s}{section.9}% 163
\BOOKMARK [2][-]{subsection.9.9}{\376\377\000C\000a\000s\000h\000\040\000A\000d\000v\000a\000n\000c\000e}{section.9}% 164
\BOOKMARK [2][-]{subsection.9.10}{\376\377\000D\000o\000n\000a\000t\000i\000o\000n\000s}{section.9}% 165
\BOOKMARK [1][-]{section.10}{\376\377\000I\000N\000T\000E\000R\000/\000I\000N\000T\000R\000A\000\040\000U\000N\000I\000V\000E\000R\000S\000I\000T\000Y\000\040\000L\000I\000A\000I\000S\000O\000N}{}% 166
\BOOKMARK [2][-]{subsection.10.1}{\376\377\000H\000o\000s\000t\000e\000d\000\040\000C\000o\000n\000f\000e\000r\000e\000n\000c\000e\000s\000\040\000a\000n\000d\000\040\000C\000o\000m\000p\000e\000t\000i\000t\000i\000o\000n\000s}{section.10}% 167
\BOOKMARK [3][-]{subsubsection.10.1.1}{\376\377\000G\000e\000n\000e\000r\000a\000l}{subsection.10.1}% 168
\BOOKMARK [2][-]{subsection.10.2}{\376\377\000E\000x\000t\000e\000r\000n\000a\000l\000\040\000C\000o\000n\000f\000e\000r\000e\000n\000c\000e\000\040\000a\000n\000d\000\040\000C\000o\000m\000p\000e\000t\000i\000t\000i\000o\000n\000s}{section.10}% 169
\BOOKMARK [3][-]{subsubsection.10.2.1}{\376\377\000O\000p\000e\000n\000\040\000C\000o\000n\000f\000e\000r\000e\000n\000c\000e\000s\000\040\000a\000n\000d\000\040\000C\000o\000m\000p\000e\000t\000i\000t\000i\000o\000n\000s}{subsection.10.2}% 170
\BOOKMARK [3][-]{subsubsection.10.2.2}{\376\377\000D\000e\000l\000e\000g\000a\000t\000i\000o\000n\000\040\000S\000e\000l\000e\000c\000t\000i\000o\000n\000\040\000f\000o\000r\000\040\000O\000p\000e\000n\000\040\000C\000o\000n\000f\000e\000r\000e\000n\000c\000e\000s\000\040\000a\000n\000d\000\040\000C\000o\000m\000p\000e\000t\000i\000t\000i\000o\000n\000s}{subsection.10.2}% 171
\BOOKMARK [3][-]{subsubsection.10.2.3}{\376\377\000D\000e\000l\000e\000g\000a\000t\000e\000\040\000R\000e\000s\000p\000o\000n\000s\000i\000b\000i\000l\000i\000t\000i\000e\000s}{subsection.10.2}% 172
\BOOKMARK [3][-]{subsubsection.10.2.4}{\376\377\000A\000f\000f\000i\000l\000i\000a\000t\000e\000\040\000C\000o\000n\000f\000e\000r\000e\000n\000c\000e\000s}{subsection.10.2}% 173
\BOOKMARK [3][-]{subsubsection.10.2.5}{\376\377\000D\000e\000l\000e\000g\000a\000t\000e\000\040\000S\000e\000l\000e\000c\000t\000i\000o\000n\000\040\000f\000o\000r\000\040\000A\000f\000f\000i\000l\000i\000a\000t\000e\000\040\000C\000o\000n\000f\000e\000r\000e\000n\000c\000e\000s}{subsection.10.2}% 174
\BOOKMARK [3][-]{subsubsection.10.2.6}{\376\377\000D\000e\000l\000e\000g\000a\000t\000e\000\040\000R\000e\000s\000p\000o\000n\000s\000i\000b\000i\000l\000i\000t\000i\000e\000s}{subsection.10.2}% 175
\BOOKMARK [3][-]{subsubsection.10.2.7}{\376\377\000C\000l\000o\000s\000e\000d\000\040\000C\000o\000m\000p\000e\000t\000i\000t\000i\000o\000n\000s}{subsection.10.2}% 176
\BOOKMARK [1][-]{section.11}{\376\377\000S\000E\000R\000V\000I\000C\000E\000S}{}% 177
\BOOKMARK [2][-]{subsection.11.1}{\376\377\000P\000u\000b\000l\000i\000c\000a\000t\000i\000o\000n\000s}{section.11}% 178
\BOOKMARK [3][-]{subsubsection.11.1.1}{\376\377\000A\000p\000p\000r\000o\000v\000a\000l}{subsection.11.1}% 179
\BOOKMARK [3][-]{subsubsection.11.1.2}{\376\377\000P\000u\000r\000p\000o\000s\000e}{subsection.11.1}% 180
\BOOKMARK [3][-]{subsubsection.11.1.3}{\376\377\000E\000d\000i\000t\000o\000r\000i\000a\000l\000\040\000P\000o\000l\000i\000c\000y}{subsection.11.1}% 181
\BOOKMARK [3][-]{subsubsection.11.1.4}{\376\377\000P\000l\000u\000m\000b\000l\000i\000n\000e}{subsection.11.1}% 182
\BOOKMARK [3][-]{subsubsection.11.1.5}{\376\377\000F\000r\000e\000q\000u\000e\000n\000c\000y\000\040}{subsection.11.1}% 183
\BOOKMARK [3][-]{subsubsection.11.1.6}{\376\377\000E\000n\000g\000i\000n\000e\000e\000r\000i\000n\000g\000\040\000H\000a\000n\000d\000b\000o\000o\000k}{subsection.11.1}% 184
\BOOKMARK [2][-]{subsection.11.2}{\376\377\000W\000e\000b\000s\000i\000t\000e}{section.11}% 185
\BOOKMARK [2][-]{subsection.11.3}{\376\377\000M\000E\000S\000s\000e\000n\000g\000e\000r}{section.11}% 186
\BOOKMARK [2][-]{subsection.11.4}{\376\377\000D\000W\000\040\000L\000o\000u\000n\000g\000e}{section.11}% 187
\BOOKMARK [3][-]{subsubsection.11.4.1}{\376\377\000F\000a\000c\000i\000l\000i\000t\000i\000e\000s\000\040\000a\000n\000d\000\040\000S\000e\000r\000v\000i\000c\000e\000s}{subsection.11.4}% 188
\BOOKMARK [2][-]{subsection.11.5}{\376\377\000D\000r\000a\000i\000n}{section.11}% 189
\BOOKMARK [3][-]{subsubsection.11.5.1}{\376\377\000S\000t\000a\000f\000f\000i\000n\000g\000\040\000P\000o\000l\000i\000c\000i\000e\000s}{subsection.11.5}% 190
\BOOKMARK [3][-]{subsubsection.11.5.2}{\376\377\000T\000h\000e\000f\000t\000\040\000P\000o\000l\000i\000c\000y}{subsection.11.5}% 191
\BOOKMARK [3][-]{subsubsection.11.5.3}{\376\377\000P\000r\000i\000c\000i\000n\000g}{subsection.11.5}% 192
\BOOKMARK [3][-]{subsubsection.11.5.4}{\376\377\000D\000o\000n\000a\000t\000i\000o\000n\000s}{subsection.11.5}% 193
\BOOKMARK [3][-]{subsubsection.11.5.5}{\376\377\000A\000d\000v\000e\000r\000t\000i\000s\000i\000n\000g\000\040\000P\000o\000l\000i\000c\000y}{subsection.11.5}% 194
\BOOKMARK [3][-]{subsubsection.11.5.6}{\376\377\000A\000c\000c\000e\000s\000s\000\040\000C\000a\000r\000d\000s}{subsection.11.5}% 195
\BOOKMARK [3][-]{subsubsection.11.5.7}{\376\377\000S\000t\000u\000d\000e\000n\000t\000\040\000O\000r\000g\000a\000n\000i\000z\000a\000t\000i\000o\000n\000s\000\040\000M\000e\000r\000c\000h\000a\000n\000d\000i\000s\000e}{subsection.11.5}% 196
\BOOKMARK [2][-]{subsection.11.6}{\376\377\000M\000E\000S\000\040\000O\000f\000f\000i\000c\000e}{section.11}% 197
\BOOKMARK [3][-]{subsubsection.11.6.1}{\376\377\000O\000f\000f\000i\000c\000e\000\040\000U\000s\000e}{subsection.11.6}% 198
\BOOKMARK [3][-]{subsubsection.11.6.2}{\376\377\000K\000e\000y\000s\000,\000\040\000S\000e\000c\000u\000r\000i\000t\000y\000\040\000a\000n\000d\000\040\000A\000u\000x\000i\000l\000i\000a\000r\000y\000\040\000A\000c\000c\000e\000s\000s}{subsection.11.6}% 199
\BOOKMARK [3][-]{subsubsection.11.6.3}{\376\377\000E\000t\000i\000q\000u\000e\000t\000t\000e\000\040\000a\000n\000d\000\040\000H\000o\000u\000s\000e\000k\000e\000e\000p\000i\000n\000g}{subsection.11.6}% 200
\BOOKMARK [3][-]{subsubsection.11.6.4}{\376\377\000O\000f\000f\000i\000c\000e\000\040\000E\000q\000u\000i\000p\000m\000e\000n\000t}{subsection.11.6}% 201
\BOOKMARK [2][-]{subsection.11.7}{\376\377\000M\000E\000S\000\040\000T\000r\000a\000i\000l\000e\000r}{section.11}% 202
\BOOKMARK [3][-]{subsubsection.11.7.1}{\376\377\000B\000o\000o\000k\000i\000n\000g\000s}{subsection.11.7}% 203
\BOOKMARK [3][-]{subsubsection.11.7.2}{\376\377\000K\000e\000y\000s}{subsection.11.7}% 204
\BOOKMARK [3][-]{subsubsection.11.7.3}{\376\377\000U\000s\000e\000\040\000o\000f\000\040\000T\000r\000a\000i\000l\000e\000r}{subsection.11.7}% 205
\BOOKMARK [3][-]{subsubsection.11.7.4}{\376\377\000D\000a\000m\000a\000g\000e}{subsection.11.7}% 206
\BOOKMARK [2][-]{subsection.11.8}{\376\377\000M\000E\000S\000\040\000E\000q\000u\000i\000p\000m\000e\000n\000t\000\040\000R\000e\000n\000t\000a\000l}{section.11}% 207
\BOOKMARK [2][-]{subsection.11.9}{\376\377\000S\000t\000o\000r\000a\000g\000e\000\040\000R\000o\000o\000m}{section.11}% 208
\BOOKMARK [2][-]{subsection.11.10}{\376\377\000M\000c\000M\000a\000s\000t\000e\000r\000\040\000P\000e\000e\000r\000\040\000T\000u\000t\000o\000r\000i\000n\000g\000\040\000P\000r\000o\000g\000r\000a\000m}{section.11}% 209
\BOOKMARK [3][-]{subsubsection.11.10.1}{\376\377\000M\000E\000S\000\040\000T\000u\000t\000o\000r\000i\000n\000g\000\040\000N\000e\000t\000w\000o\000r\000k}{subsection.11.10}% 210
\BOOKMARK [2][-]{subsection.11.11}{\376\377\000M\000E\000S\000\040\000T\000e\000x\000t\000b\000o\000o\000k\000\040\000L\000i\000b\000r\000a\000r\000y}{section.11}% 211
\BOOKMARK [3][-]{subsubsection.11.11.1}{\376\377\000O\000p\000e\000r\000a\000t\000i\000o\000n}{subsection.11.11}% 212
\BOOKMARK [2][-]{subsection.11.12}{\376\377\000M\000E\000S\000\040\000A\000c\000a\000d\000e\000m\000i\000c\000\040\000W\000o\000r\000k\000s\000h\000o\000p\000s}{section.11}% 213
\BOOKMARK [3][-]{subsubsection.11.12.1}{\376\377\000M\000E\000S\000-\000O\000r\000g\000a\000n\000i\000z\000e\000d\000\040\000W\000o\000r\000k\000s\000h\000o\000p\000s}{subsection.11.12}% 214
\BOOKMARK [3][-]{subsubsection.11.12.2}{\376\377\000D\000e\000p\000a\000r\000t\000m\000e\000n\000t\000/\000P\000r\000o\000g\000r\000a\000m\000-\000S\000o\000c\000i\000e\000t\000y\000-\000O\000r\000g\000a\000n\000i\000z\000e\000d\000\040\000A\000c\000a\000d\000e\000m\000i\000c\000\040\000W\000o\000r\000k\000s\000h\000o\000p\000s}{subsection.11.12}% 215
\BOOKMARK [2][-]{subsection.11.13}{\376\377\000C\000o\000v\000e\000r\000a\000l\000l\000s}{section.11}% 216
\BOOKMARK [3][-]{subsubsection.11.13.1}{\376\377\000C\000o\000v\000e\000r\000a\000l\000l\000\040\000O\000v\000e\000r\000s\000i\000g\000h\000t\000\040\000C\000o\000m\000m\000i\000t\000t\000e\000e}{subsection.11.13}% 217
\BOOKMARK [3][-]{subsubsection.11.13.2}{\376\377\000R\000e\000s\000p\000o\000n\000s\000i\000b\000i\000l\000i\000t\000i\000e\000s}{subsection.11.13}% 218
\BOOKMARK [3][-]{subsubsection.11.13.3}{\376\377\000C\000o\000v\000e\000r\000a\000l\000l\000\040\000S\000p\000o\000n\000s\000o\000r\000s}{subsection.11.13}% 219
\BOOKMARK [3][-]{subsubsection.11.13.4}{\376\377\000C\000o\000v\000e\000r\000a\000l\000l\000\040\000E\000v\000e\000n\000t\000s}{subsection.11.13}% 220
\BOOKMARK [3][-]{subsubsection.11.13.5}{\376\377\000C\000o\000v\000e\000r\000a\000l\000l\000\040\000A\000p\000p\000l\000i\000c\000a\000t\000i\000o\000n\000s}{subsection.11.13}% 221
\BOOKMARK [1][-]{section.12}{\376\377\000A\000W\000A\000R\000D\000S}{}% 222
\BOOKMARK [2][-]{subsection.12.1}{\376\377\000G\000e\000n\000e\000r\000a\000l\000\040\000P\000o\000l\000i\000c\000i\000e\000s}{section.12}% 223
\BOOKMARK [2][-]{subsection.12.2}{\376\377\000M\000E\000S\000\040\000A\000w\000a\000r\000d\000s}{section.12}% 224
\BOOKMARK [1][-]{section.13}{\376\377\000S\000P\000E\000C\000I\000A\000L\000\040\000E\000V\000E\000N\000T\000S}{}% 225
\BOOKMARK [2][-]{subsection.13.1}{\376\377\000W\000e\000l\000c\000o\000m\000e\000\040\000W\000e\000e\000k}{section.13}% 226
\BOOKMARK [3][-]{subsubsection.13.1.1}{\376\377\000P\000u\000r\000p\000o\000s\000e}{subsection.13.1}% 227
\BOOKMARK [3][-]{subsubsection.13.1.2}{\376\377\000W\000e\000l\000c\000o\000m\000e\000\040\000W\000e\000e\000k\000\040\000R\000u\000l\000e\000s}{subsection.13.1}% 228
\BOOKMARK [3][-]{subsubsection.13.1.3}{\376\377\000O\000r\000g\000a\000n\000i\000z\000a\000t\000i\000o\000n}{subsection.13.1}% 229
\BOOKMARK [3][-]{subsubsection.13.1.4}{\376\377\000E\000v\000e\000n\000t\000s}{subsection.13.1}% 230
\BOOKMARK [2][-]{subsection.13.2}{\376\377\000F\000i\000r\000e\000b\000a\000l\000l}{section.13}% 231
\BOOKMARK [2][-]{subsection.13.3}{\376\377\000B\000a\000c\000k\0002\000S\000c\000h\000o\000o\000l\000\040\000W\000e\000e\000k}{section.13}% 232
\BOOKMARK [2][-]{subsection.13.4}{\376\377\000F\000i\000r\000s\000t\000\040\000Y\000e\000a\000r\000\040\000E\000x\000p\000e\000r\000i\000e\000n\000t\000i\000a\000l\000\040\000C\000o\000n\000f\000e\000r\000e\000n\000c\000e\000\040\000\050\000F\000Y\000E\000C\000\051}{section.13}% 233
\BOOKMARK [2][-]{subsection.13.5}{\376\377\000O\000t\000h\000e\000r\000\040\000E\000v\000e\000n\000t\000s}{section.13}% 234
\BOOKMARK [3][-]{subsubsection.13.5.1}{\376\377\000E\000n\000g\000\040\000P\000u\000b\000\040\000N\000i\000g\000h\000t\000s}{subsection.13.5}% 235
